Case #1: 10 10
Case #2: 0 0
Case #3: 0 0
Case #4: 0 0
Case #5: 0 0
Case #6: 10 10
Case #7: 0 0
Case #8: 9 3
Case #9: 7 4
Case #10: 0 0
Case #11: 0 0
Case #12: 6 1
Case #13: 1 1
Case #14: 0 0
Case #15: 1 1
Case #16: 2 2
Case #17: 5 2
Case #18: 9 9
Case #19: 8 2
Case #20: 6 2
Case #21: 3 1
Case #22: 4 2
Case #23: 7 2
Case #24: 5 3
Case #25: 2 1
Case #26: 7 3
Case #27: 7 0
Case #28: 10 6
Case #29: 5 2
Case #30: 2 0
Case #31: 10 10
Case #32: 10 10
Case #33: 9 5
Case #34: 10 4
Case #35: 5 1
Case #36: 4 1
Case #37: 6 3
Case #38: 1 1
Case #39: 8 2
Case #40: 10 10
Case #41: 2 1
Case #42: 2 0
Case #43: 8 2
Case #44: 8 2
Case #45: 3 2
Case #46: 10 10
Case #47: 2 2
Case #48: 5 2
Case #49: 3 0
Case #50: 6 2
